<?xml version="1.0" encoding="UTF-8"?>
<Site BuildName="Win32-mingw32-make"
	BuildStamp="20231211-1009-Experimental"
	Name="NB-AODEMIROGLU"
	Generator="ctest-3.28.0"
	CompilerName="C:/msys64/mingw64/bin/g++.exe"
	CompilerVersion="13.2.0"
	OSName="Windows"
	Hostname="NB-AODEMIROGLU"
	OSRelease=" Professional"
	OSVersion=" (Build 22631)"
	OSPlatform="AMD64"
	Is64Bits="1"
	VendorString="GenuineIntel"
	VendorID="Intel Corporation"
	FamilyID="6"
	ModelID="10"
	ProcessorCacheSize="-1"
	NumberOfLogicalCPU="12"
	NumberOfPhysicalCPU="10"
	TotalVirtualMemory="18960"
	TotalPhysicalMemory="16016"
	LogicalProcessorsPerPhysical="1"
	ProcessorClockFrequency="2496"
	>
	<Testing>
		<StartDateTime>Dec 11 18:03 Turkey Standard Time</StartDateTime>
		<StartTestTime>1702307023</StartTestTime>
		<TestList/>
		<EndDateTime>Dec 11 18:03 Turkey Standard Time</EndDateTime>
		<EndTestTime>1702307023</EndTestTime>
		<ElapsedMinutes>0</ElapsedMinutes>
	</Testing>
</Site>
